<?xml version="1.0" encoding="UTF-8"?>
<!-- Generated by org.testng.reporters.JUnitReportReporter -->
<testsuite hostname="DESKTOP-NEFR13L" failures="0" tests="3" name="TestRunner.Runner" time="57.916" errors="0" timestamp="2024-12-16T09:14:39 IST" skipped="0">
  <testcase classname="TestRunner.Runner" name="runScenario" time="15.105"/>
  <testcase classname="TestRunner.Runner" name="runScenario" time="28.255"/>
  <testcase classname="TestRunner.Runner" name="runScenario" time="14.556"/>
</testsuite> <!-- TestRunner.Runner -->
