<?xml version="1.0" encoding="UTF-8"?>
<!-- Generated by org.testng.reporters.JUnitReportReporter -->
<testsuite hostname="DESKTOP-NEFR13L" failures="0" tests="1" name="seprate_test.luma_site" time="36.237" errors="0" timestamp="2024-11-26T23:20:26 IST" skipped="0">
  <testcase classname="seprate_test.luma_site" name="test" time="36.237"/>
</testsuite> <!-- seprate_test.luma_site -->
